SF:lib\pages\home\home.page.dart
DA:10,1
DA:12,1
DA:13,1
DA:21,1
DA:23,1
DA:24,3
DA:25,2
DA:28,1
DA:30,2
DA:31,1
DA:34,1
DA:35,6
DA:36,3
DA:37,0
DA:41,1
DA:43,1
DA:45,1
DA:46,1
DA:48,1
DA:49,1
DA:77,1
DA:78,1
DA:79,1
DA:83,1
DA:85,1
DA:92,2
DA:97,1
DA:99,1
DA:100,2
DA:101,1
DA:102,1
DA:103,1
DA:104,2
DA:115,1
DA:116,1
DA:117,1
DA:118,2
DA:119,1
DA:120,1
DA:121,1
DA:123,1
DA:124,1
DA:125,1
LF:43
LH:42
end_of_record
SF:lib\models\api_info.model.dart
DA:7,1
DA:14,1
DA:15,1
DA:16,1
DA:17,1
DA:18,2
DA:19,1
LF:7
LH:7
end_of_record
SF:lib\models\api_response.model.dart
DA:9,1
DA:14,1
DA:15,1
DA:16,2
DA:17,1
DA:18,3
DA:19,1
LF:7
LH:7
end_of_record
SF:lib\models\character.model.dart
DA:13,1
DA:24,1
DA:25,1
DA:26,1
DA:27,1
DA:28,1
DA:29,1
DA:30,1
DA:31,1
DA:35,1
DA:45,1
DA:46,1
DA:47,1
DA:48,1
DA:49,1
DA:50,1
DA:51,1
DA:52,0
DA:53,0
LF:19
LH:17
end_of_record
SF:lib\models\character_detail.model.dart
DA:16,1
DA:28,1
DA:29,1
DA:30,1
DA:31,1
DA:32,1
DA:33,1
DA:34,1
DA:35,1
DA:36,2
DA:37,2
DA:38,2
LF:12
LH:12
end_of_record
SF:lib\models\location.model.dart
DA:5,1
DA:7,1
DA:8,1
DA:9,1
DA:10,1
LF:5
LH:5
end_of_record
SF:lib\pages\detail\detail.page.dart
DA:11,1
DA:15,4
DA:18,1
DA:20,1
DA:22,1
DA:23,1
DA:24,1
DA:29,1
DA:30,1
DA:31,3
DA:32,1
DA:33,1
DA:34,2
DA:40,1
DA:41,1
DA:42,2
DA:48,1
DA:53,1
DA:54,1
DA:56,1
DA:57,1
DA:58,1
DA:59,6
DA:70,1
DA:73,1
DA:74,1
DA:75,2
DA:76,1
DA:77,2
DA:78,1
DA:79,2
DA:84,1
DA:85,2
DA:86,1
DA:87,2
DA:88,1
DA:89,2
DA:94,1
DA:95,2
DA:96,1
DA:97,2
DA:98,1
DA:99,2
DA:116,1
DA:117,4
DA:134,1
DA:135,4
DA:152,1
DA:153,4
LF:49
LH:49
end_of_record
SF:lib\pages\detail\stores\detail.store.g.dart
DA:12,1
DA:13,2
DA:15,1
DA:17,2
DA:18,1
DA:21,1
DA:23,4
DA:24,1
DA:28,1
DA:29,2
DA:31,1
DA:33,2
DA:34,1
DA:37,1
DA:39,4
DA:40,1
DA:44,1
DA:45,2
DA:47,1
DA:49,4
DA:52,0
DA:55,0
DA:56,0
DA:57,0
LF:24
LH:20
end_of_record
SF:lib\pages\detail\stores\detail.store.dart
DA:19,1
DA:21,1
DA:23,2
DA:25,1
DA:27,1
LF:5
LH:5
end_of_record
SF:lib\services\api.service.dart
DA:11,1
DA:12,2
DA:15,1
DA:16,3
DA:18,2
DA:19,0
DA:22,2
DA:25,1
DA:26,3
DA:28,2
DA:29,0
DA:32,2
LF:12
LH:10
end_of_record
SF:lib\pages\home\widgets\character_gridview.widget.dart
DA:12,1
DA:18,1
DA:20,1
DA:21,1
DA:22,1
DA:23,1
DA:24,4
DA:29,1
DA:30,4
DA:31,3
DA:32,1
DA:33,0
DA:34,0
DA:35,0
DA:36,0
DA:40,1
DA:42,1
LF:17
LH:13
end_of_record
SF:lib\pages\home\widgets\character_listview.widget.dart
DA:12,1
DA:18,1
DA:20,1
DA:21,1
DA:22,1
DA:23,1
DA:24,4
DA:25,1
DA:26,4
DA:27,3
DA:28,1
DA:29,1
DA:30,2
DA:31,1
DA:32,2
DA:36,1
DA:38,1
LF:17
LH:17
end_of_record
SF:lib\pages\home\stores\home.store.g.dart
DA:14,1
DA:15,1
DA:16,3
DA:18,1
DA:20,1
DA:21,2
DA:23,0
DA:25,0
DA:26,0
DA:29,1
DA:31,4
DA:32,1
DA:36,1
DA:37,2
DA:39,1
DA:41,2
DA:42,1
DA:45,0
DA:47,0
DA:48,0
DA:52,1
DA:53,2
DA:55,1
DA:57,2
DA:58,1
DA:61,1
DA:63,4
DA:64,1
DA:68,1
DA:69,2
DA:71,1
DA:73,2
DA:74,1
DA:77,1
DA:79,4
DA:80,1
DA:84,1
DA:85,2
DA:87,1
DA:89,4
DA:92,1
DA:93,2
DA:95,1
DA:97,2
DA:100,1
DA:102,2
DA:106,1
DA:108,2
DA:111,1
DA:113,2
DA:117,1
DA:122,2
DA:125,1
DA:128,2
DA:132,0
DA:135,0
DA:136,0
DA:137,0
DA:138,0
DA:139,0
DA:140,0
LF:61
LH:48
end_of_record
SF:lib\pages\home\stores\home.store.dart
DA:28,1
DA:29,2
DA:31,1
DA:33,3
DA:35,1
DA:36,2
DA:37,5
DA:38,4
DA:39,1
DA:42,1
DA:43,1
DA:45,1
DA:47,1
DA:49,3
DA:51,2
DA:52,3
DA:54,1
DA:57,1
DA:63,2
DA:64,3
DA:67,5
LF:21
LH:21
end_of_record
SF:lib\pages\home\widgets\character_grid_card.widget.dart
DA:12,1
DA:18,1
DA:19,1
DA:23,1
DA:25,1
DA:26,1
DA:29,1
DA:30,1
DA:31,4
DA:34,2
DA:35,3
DA:36,3
DA:37,2
DA:38,2
DA:43,1
DA:45,1
DA:47,1
DA:48,3
DA:49,1
DA:53,1
DA:55,1
DA:56,1
DA:57,4
DA:58,1
DA:60,3
DA:67,1
DA:68,4
DA:69,1
DA:70,1
DA:71,3
DA:78,1
DA:79,3
DA:80,1
DA:81,3
LF:34
LH:34
end_of_record
SF:lib\pages\home\widgets\character_list_card.widget.dart
DA:12,1
DA:18,1
DA:19,1
DA:23,1
DA:25,1
DA:26,1
DA:29,1
DA:30,1
DA:31,4
DA:34,2
DA:35,3
DA:36,3
DA:37,2
DA:38,2
DA:43,1
DA:45,1
DA:47,1
DA:48,3
DA:49,1
DA:53,1
DA:55,1
DA:56,1
DA:58,1
DA:59,4
DA:60,1
DA:61,1
DA:62,3
DA:69,1
DA:71,1
DA:73,1
DA:74,1
DA:75,3
DA:76,1
DA:77,3
DA:85,1
DA:86,1
DA:87,1
DA:89,4
DA:97,1
DA:98,1
DA:99,7
DA:100,1
DA:101,3
DA:111,1
DA:112,3
DA:113,1
DA:114,3
DA:121,1
DA:123,1
DA:124,4
DA:125,1
DA:127,3
LF:52
LH:52
end_of_record
